xmelab(64): 23.03-s013: (c) Copyright 1995-2024 Cadence Design Systems, Inc.
TOOL:	xmelab(64)	23.03-s013: Started on Oct 18, 2024 at 09:14:27 KST
xmelab
    -MESS
    -access rwc
    tb_SN54ALS153

	Elaborating the design hierarchy:
		Caching library 'test_lib' ....... Done
	Building instance overlay tables: .................... Done
	Generating native compiled code:
		test_lib.SN54ALS153:module <0x147f723f>
			streams:   4, words:  1988
		test_lib.tb_SN54ALS153:module <0x6e927f05>
			streams:  14, words: 25270
	Building instance specific data structures.
	Loading native compiled code:     .................... Done
	Design hierarchy summary:
		                 Instances  Unique
		Modules:                 2       2
		Registers:              12      12
		Scalar wires:           14       -
		Initial blocks:          1       1
		Cont. assignments:       2       2
		Pseudo assignments:     12       -
		Simulation timescale:  1ps
	Writing initial simulation snapshot: test_lib.tb_SN54ALS153:module
TOOL:	xmelab(64)	23.03-s013: Exiting on Oct 18, 2024 at 09:14:27 KST  (total: 00:00:00)
