xmelab(64): 23.03-s013: (c) Copyright 1995-2024 Cadence Design Systems, Inc.
TOOL:	xmelab(64)	23.03-s013: Started on Oct 18, 2024 at 10:27:32 KST
xmelab
    -MESS
    -access rwc
    tb_clk_gating

	Elaborating the design hierarchy:
		Caching library 'clk_gating_lib' ....... Done
	Building instance overlay tables: .................... Done
	Generating native compiled code:
		clk_gating_lib.clk_gating:module <0x6c9cc20f>
			streams:   0, words:     0
		clk_gating_lib.tb_clk_gating:module <0x73fba81a>
			streams:   8, words:  6350
	Building instance specific data structures.
	Loading native compiled code:     .................... Done
	Design hierarchy summary:
		                 Instances  Unique
		Modules:                 2       2
		Registers:               2       2
		Scalar wires:            3       -
		Always blocks:           1       1
		Initial blocks:          1       1
		Cont. assignments:       0       1
		Pseudo assignments:      2       -
		Simulation timescale:  1ps
	Writing initial simulation snapshot: clk_gating_lib.tb_clk_gating:module
TOOL:	xmelab(64)	23.03-s013: Exiting on Oct 18, 2024 at 10:27:32 KST  (total: 00:00:00)
